{
  "RSpec": {
    "coverage": {
      "/home/abc/work_space/test_jobs/callbell-fullstack-assignment/config/environment.rb": {
        "lines": [
          null,
          1,
          null,
          null,
          1
        ]
      },
      "/home/abc/work_space/test_jobs/callbell-fullstack-assignment/config/application.rb": {
        "lines": [
          1,
          null,
          1,
          null,
          1,
          1,
          1,
          1,
          1,
          null,
          null,
          null,
          1,
          1,
          null,
          1,
          null,
          null,
          null,
          1,
          null,
          1,
          1,
          null,
          1,
          null,
          null,
          null,
          null,
          null,
          null,
          null,
          null,
          null,
          null,
          null,
          null,
          1,
          null,
          null
        ]
      },
      "/home/abc/work_space/test_jobs/callbell-fullstack-assignment/config/boot.rb": {
        "lines": [
          1,
          null,
          1,
          1
        ]
      },
      "/home/abc/work_space/test_jobs/callbell-fullstack-assignment/config/spring.rb": {
        "lines": [
          1,
          null,
          null,
          null,
          null,
          null
        ]
      },
      "/home/abc/work_space/test_jobs/callbell-fullstack-assignment/config/environments/test.rb": {
        "lines": [
          1,
          null,
          null,
          null,
          null,
          null,
          null,
          1,
          null,
          null,
          1,
          1,
          null,
          null,
          null,
          null,
          1,
          null,
          null,
          1,
          1,
          null,
          null,
          null,
          null,
          1,
          1,
          1,
          null,
          null,
          1,
          null,
          null,
          1,
          null,
          null,
          1,
          null,
          null,
          null,
          1,
          null,
          null,
          1,
          null,
          null,
          1,
          null,
          null,
          null,
          null,
          null,
          null,
          null
        ]
      },
      "/home/abc/work_space/test_jobs/callbell-fullstack-assignment/config/initializers/application_controller_renderer.rb": {
        "lines": [
          null,
          null,
          null,
          null,
          null,
          null,
          null,
          null
        ]
      },
      "/home/abc/work_space/test_jobs/callbell-fullstack-assignment/config/initializers/backtrace_silencers.rb": {
        "lines": [
          null,
          null,
          null,
          null,
          null,
          null,
          null,
          1
        ]
      },
      "/home/abc/work_space/test_jobs/callbell-fullstack-assignment/config/initializers/cors.rb": {
        "lines": [
          null,
          null,
          null,
          null,
          null,
          null,
          null,
          1,
          1,
          1,
          null,
          1,
          null,
          null,
          null,
          null
        ]
      },
      "/home/abc/work_space/test_jobs/callbell-fullstack-assignment/config/initializers/filter_parameter_logging.rb": {
        "lines": [
          null,
          null,
          null,
          1,
          null,
          null
        ]
      },
      "/home/abc/work_space/test_jobs/callbell-fullstack-assignment/config/initializers/inflections.rb": {
        "lines": [
          null,
          null,
          null,
          null,
          null,
          null,
          null,
          null,
          null,
          null,
          null,
          null,
          null,
          null,
          null,
          null
        ]
      },
      "/home/abc/work_space/test_jobs/callbell-fullstack-assignment/config/initializers/mime_types.rb": {
        "lines": [
          null,
          null,
          null,
          null
        ]
      },
      "/home/abc/work_space/test_jobs/callbell-fullstack-assignment/config/initializers/wrap_parameters.rb": {
        "lines": [
          null,
          null,
          null,
          null,
          null,
          null,
          1,
          2,
          null,
          null,
          null,
          null,
          null,
          null
        ]
      },
      "/home/abc/work_space/test_jobs/callbell-fullstack-assignment/spec/factories/card.rb": {
        "lines": [
          null,
          null,
          1,
          1,
          8,
          8,
          null,
          null
        ]
      },
      "/home/abc/work_space/test_jobs/callbell-fullstack-assignment/config/routes.rb": {
        "lines": [
          1,
          1,
          1,
          1,
          1,
          null,
          null,
          null,
          null,
          1,
          null,
          null
        ]
      },
      "/home/abc/work_space/test_jobs/callbell-fullstack-assignment/app/controllers/api/v1/cards_controller.rb": {
        "lines": [
          null,
          null,
          1,
          1,
          null,
          1,
          1,
          null,
          1,
          1,
          null,
          null,
          1,
          1,
          null,
          1,
          null,
          0,
          null,
          null,
          1,
          1,
          1,
          null,
          0,
          null,
          null,
          null,
          1,
          null,
          1,
          1,
          null,
          null,
          null,
          null
        ]
      },
      "/home/abc/work_space/test_jobs/callbell-fullstack-assignment/app/controllers/application_controller.rb": {
        "lines": [
          1,
          null
        ]
      },
      "/home/abc/work_space/test_jobs/callbell-fullstack-assignment/app/services/trello.rb": {
        "lines": [
          null,
          null,
          1,
          1,
          1,
          null,
          null,
          1,
          1,
          1,
          1,
          1,
          1,
          1,
          1,
          1,
          null,
          null
        ]
      },
      "/home/abc/work_space/test_jobs/callbell-fullstack-assignment/spec/controllers/api/v1/webhooks_controller_spec.rb": {
        "lines": [
          1,
          null,
          1,
          null,
          8,
          null,
          1,
          1,
          1,
          1,
          null,
          null,
          1,
          1,
          1,
          null,
          null,
          1,
          1,
          1,
          null,
          null,
          null,
          1,
          1,
          1,
          1,
          null,
          null,
          1,
          1,
          1,
          null,
          null,
          null,
          1,
          1,
          1,
          1,
          null,
          null,
          null,
          1,
          1,
          1,
          1,
          null,
          null,
          null
        ]
      },
      "/home/abc/work_space/test_jobs/callbell-fullstack-assignment/app/controllers/api/v1/webhooks_controller.rb": {
        "lines": [
          null,
          null,
          1,
          1,
          null,
          1,
          1,
          null,
          null,
          null,
          null,
          null,
          1,
          1,
          null,
          null,
          1,
          6,
          null,
          2,
          2,
          2,
          1,
          1,
          null,
          1,
          1,
          null,
          null,
          2,
          null,
          1,
          null,
          1,
          null,
          null,
          null,
          1,
          2,
          2,
          null,
          2,
          1,
          1,
          null,
          1,
          1,
          null,
          null,
          null,
          1,
          1,
          1,
          null,
          1,
          1,
          null,
          0,
          null,
          null,
          null,
          1,
          null,
          1,
          2,
          null,
          null,
          1,
          4,
          null,
          null,
          1,
          2,
          null,
          null,
          1,
          1,
          null,
          null,
          null,
          null
        ]
      },
      "/home/abc/work_space/test_jobs/callbell-fullstack-assignment/spec/controllers/pages_controller_spec.rb": {
        "lines": [
          1,
          null,
          1,
          1,
          1,
          1,
          1,
          null,
          null,
          null
        ]
      },
      "/home/abc/work_space/test_jobs/callbell-fullstack-assignment/app/controllers/pages_controller.rb": {
        "lines": [
          1,
          1,
          null,
          null,
          null
        ]
      },
      "/home/abc/work_space/test_jobs/callbell-fullstack-assignment/spec/models/card_spec.rb": {
        "lines": [
          1,
          null,
          1,
          null,
          1,
          2,
          null,
          null
        ]
      },
      "/home/abc/work_space/test_jobs/callbell-fullstack-assignment/app/models/card.rb": {
        "lines": [
          null,
          null,
          1,
          null,
          1,
          null
        ]
      },
      "/home/abc/work_space/test_jobs/callbell-fullstack-assignment/app/models/application_record.rb": {
        "lines": [
          1,
          1,
          null
        ]
      }
    },
    "timestamp": 1664946253
  }
}
